<?xml version="1.0" encoding="UTF-8"?>
<!-- Generated by org.testng.reporters.JUnitReportReporter -->
<testsuite hostname="TS1WLKP" failures="0" tests="6" name="lambdaTestSelenium101Assignment.WindowsAndMacLambda.WindowsAndMac" time="241.798" errors="0" timestamp="2024-09-20T14:38:53 IST" skipped="0">
  <testcase classname="lambdaTestSelenium101Assignment.WindowsAndMacLambda.WindowsAndMac" name="testScenario3" time="57.708"/>
  <system-out/>
  <testcase classname="lambdaTestSelenium101Assignment.WindowsAndMacLambda.WindowsAndMac" name="testScenario2" time="20.507"/>
  <system-out/>
  <testcase classname="lambdaTestSelenium101Assignment.WindowsAndMacLambda.WindowsAndMac" name="testScenario3" time="56.039"/>
  <system-out/>
  <testcase classname="lambdaTestSelenium101Assignment.WindowsAndMacLambda.WindowsAndMac" name="testScenario1" time="43.839"/>
  <system-out/>
  <testcase classname="lambdaTestSelenium101Assignment.WindowsAndMacLambda.WindowsAndMac" name="testScenario1" time="27.305"/>
  <system-out/>
  <testcase classname="lambdaTestSelenium101Assignment.WindowsAndMacLambda.WindowsAndMac" name="testScenario2" time="36.400"/>
  <system-out/>
</testsuite> <!-- lambdaTestSelenium101Assignment.WindowsAndMacLambda.WindowsAndMac -->
